[20:27:38] [main/INFO]: Loading Minecraft 1.20.1 with Fabric Loader 0.14.22
[20:27:38] [main/INFO]: Loading 74 mods:
	- c2me 0.2.0+alpha.10.96
	   |-- c2me-base 0.2.0+alpha.10.96
	   |-- c2me-client-uncapvd 0.2.0+alpha.10.96
	   |-- c2me-fixes-chunkio-threading-issues 0.2.0+alpha.10.96
	   |-- c2me-fixes-general-threading-issues 0.2.0+alpha.10.96
	   |-- c2me-fixes-worldgen-threading-issues 0.2.0+alpha.10.96
	   |-- c2me-fixes-worldgen-vanilla-bugs 0.2.0+alpha.10.96
	   |-- c2me-notickvd 0.2.0+alpha.10.96
	   |-- c2me-opts-allocs 0.2.0+alpha.10.96
	   |-- c2me-opts-chunk-access 0.2.0+alpha.10.96
	   |-- c2me-opts-chunkio 0.2.0+alpha.10.96
	   |-- c2me-opts-math 0.2.0+alpha.10.96
	   |-- c2me-opts-scheduling 0.2.0+alpha.10.96
	   |-- c2me-opts-worldgen-general 0.2.0+alpha.10.96
	   |-- c2me-opts-worldgen-vanilla 0.2.0+alpha.10.96
	   |-- c2me-rewrites-chunk-serializer 0.2.0+alpha.10.96
	   |-- c2me-rewrites-chunkio 0.2.0+alpha.10.96
	   |-- c2me-server-utils 0.2.0+alpha.10.96
	   |-- c2me-threading-chunkio 0.2.0+alpha.10.96
	   |-- c2me-threading-lighting 0.2.0+alpha.10.96
	   |-- c2me-threading-worldgen 0.2.0+alpha.10.96
	   |-- com_electronwill_night-config_core 3.6.5
	   |-- com_electronwill_night-config_toml 3.6.5
	   |-- com_github_llamalad7_mixinextras 0.1.1
	   |-- com_ibm_async_asyncutil 0.1.0
	   |-- net_objecthunter_exp4j 0.4.8
	   \-- org_threadly_threadly 7.0
	- fabric-api 0.86.1+1.20.1
	   |-- fabric-api-base 0.4.30+7abfd51577
	   |-- fabric-api-lookup-api-v1 1.6.35+4d8536c977
	   |-- fabric-biome-api-v1 13.0.10+b3afc78b77
	   |-- fabric-block-api-v1 1.0.9+e022e5d177
	   |-- fabric-blockrenderlayer-v1 1.1.40+b3afc78b77
	   |-- fabric-client-tags-api-v1 1.1.1+97bb207577
	   |-- fabric-command-api-v1 1.2.33+f71b366f77
	   |-- fabric-command-api-v2 2.2.12+b3afc78b77
	   |-- fabric-commands-v0 0.2.50+df3654b377
	   |-- fabric-containers-v0 0.1.62+df3654b377
	   |-- fabric-content-registries-v0 4.0.9+b3afc78b77
	   |-- fabric-convention-tags-v1 1.5.4+a1a980da77
	   |-- fabric-crash-report-info-v1 0.2.18+aeb40ebe77
	   |-- fabric-data-generation-api-v1 12.2.1+1e61dba177
	   |-- fabric-dimensions-v1 2.1.52+b3afc78b77
	   |-- fabric-entity-events-v1 1.5.22+b3afc78b77
	   |-- fabric-events-interaction-v0 0.6.1+e91849a877
	   |-- fabric-events-lifecycle-v0 0.2.62+df3654b377
	   |-- fabric-game-rule-api-v1 1.0.38+b04edc7a77
	   |-- fabric-item-api-v1 2.1.27+b3afc78b77
	   |-- fabric-item-group-api-v1 4.0.10+23d9108177
	   |-- fabric-key-binding-api-v1 1.0.36+fb8d95da77
	   |-- fabric-keybindings-v0 0.2.34+df3654b377
	   |-- fabric-lifecycle-events-v1 2.2.21+b3afc78b77
	   |-- fabric-loot-api-v2 1.1.39+b3afc78b77
	   |-- fabric-loot-tables-v1 1.1.43+9e7660c677
	   |-- fabric-message-api-v1 5.1.7+3265161977
	   |-- fabric-mining-level-api-v1 2.1.49+b3afc78b77
	   |-- fabric-model-loading-api-v1 1.0.2+709a987177
	   |-- fabric-models-v0 0.4.1+9386d8a777
	   |-- fabric-networking-api-v1 1.3.9+b3afc78b77
	   |-- fabric-networking-v0 0.3.49+df3654b377
	   |-- fabric-object-builder-api-v1 11.1.1+6beca84877
	   |-- fabric-particles-v1 1.1.1+201a23a077
	   |-- fabric-recipe-api-v1 1.0.19+b3afc78b77
	   |-- fabric-registry-sync-v0 2.3.1+4df89eb277
	   |-- fabric-renderer-api-v1 3.1.1+9386d8a777
	   |-- fabric-renderer-indigo 1.4.1+9172968c77
	   |-- fabric-renderer-registries-v1 3.2.45+df3654b377
	   |-- fabric-rendering-data-attachment-v1 0.3.34+b3afc78b77
	   |-- fabric-rendering-fluids-v1 3.0.27+b3afc78b77
	   |-- fabric-rendering-v0 1.1.48+df3654b377
	   |-- fabric-rendering-v1 3.0.7+b3afc78b77
	   |-- fabric-resource-conditions-api-v1 2.3.5+ea08f9d877
	   |-- fabric-resource-loader-v0 0.11.9+132c48c177
	   |-- fabric-screen-api-v1 2.0.7+b3afc78b77
	   |-- fabric-screen-handler-api-v1 1.3.28+b3afc78b77
	   |-- fabric-sound-api-v1 1.0.12+b3afc78b77
	   |-- fabric-transfer-api-v1 3.3.0+cdf060b277
	   \-- fabric-transitive-access-wideners-v1 4.3.0+6c31357e77
	- fabricloader 0.14.22
	- ferritecore 6.0.0
	- java 20
	- krypton 0.2.3
	   \-- com_velocitypowered_velocity-native 3.2.0-SNAPSHOT
	- lithium 0.11.2
	- minecraft 1.20.1
	- spark 1.10.43
	   \-- fabric-permissions-api-v0 0.1-SNAPSHOT
	- starlight 1.1.2+fabric.dbc156f
[20:27:40] [main/INFO]: SpongePowered MIXIN Subsystem Version=0.8.5 Source=file:/D:/Minecraft/1.20.1%20-%20Fabric%20-%20Default/libraries/net/fabricmc/sponge-mixin/0.12.5+mixin.0.8.5/sponge-mixin-0.12.5+mixin.0.8.5.jar Service=Knot/Fabric Env=SERVER
[20:27:43] [main/INFO]: Compatibility level set to JAVA_16
[20:27:43] [main/INFO]: Compatibility level set to JAVA_17
[20:27:44] [main/INFO]: Initializing com.ishland.c2me.base.mixin
[20:27:44] [main/INFO]: Initializing com.ishland.c2me.fixes.chunkio.threading_issues.mixin
[20:27:44] [main/INFO]: Initializing com.ishland.c2me.fixes.general.threading_issues.mixin
[20:27:44] [main/INFO]: Initializing com.ishland.c2me.fixes.worldgen.threading_issues.mixin
[20:27:44] [main/INFO]: Initializing com.ishland.c2me.fixes.worldgen.vanilla_bugs.mixin
[20:27:44] [main/INFO]: Initializing com.ishland.c2me.notickvd.mixin
[20:27:44] [main/INFO]: Initializing com.ishland.c2me.opts.allocs.mixin
[20:27:44] [main/INFO]: Initializing com.ishland.c2me.opts.chunk_access.mixin
[20:27:44] [main/INFO]: Initializing com.ishland.c2me.opts.chunkio.mixin
[20:27:44] [main/INFO]: Initializing com.ishland.c2me.opts.math.mixin
[20:27:44] [main/INFO]: Initializing com.ishland.c2me.opts.scheduling.mixin
[20:27:44] [main/INFO]: Initializing com.ishland.c2me.opts.worldgen.general.mixin
[20:27:44] [main/INFO]: Initializing com.ishland.c2me.opts.worldgen.vanilla.mixin
[20:27:44] [main/INFO]: Initializing com.ishland.c2me.rewrites.chunk_serializer.mixin
[20:27:44] [main/INFO]: Disabling com.ishland.c2me.rewrites.chunk_serializer.mixin
[20:27:44] [main/INFO]: Initializing com.ishland.c2me.rewrites.chunkio.mixin
[20:27:44] [main/INFO]: Initializing com.ishland.c2me.server.utils.mixin
[20:27:44] [main/INFO]: Initializing com.ishland.c2me.threading.chunkio.mixin
[20:27:44] [main/INFO]: Initializing com.ishland.c2me.threading.lighting.mixin
[20:27:44] [main/INFO]: Initializing com.ishland.c2me.threading.worldgen.mixin
[20:27:44] [main/INFO]: Loaded configuration file for Lithium: 115 options available, 2 override(s) found
[20:27:45] [main/WARN]: Force-disabling mixin 'alloc.blockstate.StateMixin' as rule 'mixin.alloc.blockstate' (added by mods [ferritecore]) disables it and children
[20:27:45] [main/WARN]: Force-disabling mixin 'world.player_chunk_tick.ThreadedAnvilChunkStorageMixin' as rule 'mixin.world.player_chunk_tick' (added by mods [c2me, krypton]) disables it and children
[20:27:56] [main/INFO]: Compression will use Java, encryption will use Java
[20:27:56] [main/INFO]: Krypton is now accelerating your Minecraft server's networking stack 🚀
[20:27:56] [main/INFO]: Environment: authHost='https://authserver.mojang.com', accountsHost='https://api.mojang.com', sessionHost='https://sessionserver.mojang.com', servicesHost='https://api.minecraftservices.com', name='PROD'
[20:27:59] [main/INFO]: Loaded 7 recipes
[20:27:59] [main/ERROR]: Parsing error loading custom advancement invisibleitemframes:place: Failed to parse 'location' field
[20:27:59] [main/INFO]: Loaded 1277 advancements
[20:28:00] [main/INFO]: Applied 0 biome modifications to 0 of 64 new biomes in 2.626 ms
[20:28:00] [Server thread/INFO]: Starting background profiler...
[20:28:00] [Server thread/INFO]: The async-profiler engine is not supported for your os/arch (windows10/amd64), so the built-in Java engine will be used instead.
[20:28:00] [Server thread/INFO]: Starting minecraft server version 1.20.1
[20:28:00] [Server thread/INFO]: Loading properties
[20:28:00] [Server thread/INFO]: Default game type: SURVIVAL
[20:28:00] [Server thread/INFO]: Generating keypair
[20:28:00] [Server thread/INFO]: Starting Minecraft server on 26.129.103.184:25565
[20:28:00] [Server thread/INFO]: Using default channel type
[20:28:00] [Server thread/WARN]: **** SERVER IS RUNNING IN OFFLINE/INSECURE MODE!
[20:28:00] [Server thread/WARN]: The server will make no attempt to authenticate usernames. Beware.
[20:28:00] [Server thread/WARN]: While this makes the game possible to play without internet access, it also opens up the ability for hackers to connect with any username they choose.
[20:28:00] [Server thread/WARN]: To change this, set "online-mode" to "true" in the server.properties file.
[20:28:00] [Server thread/INFO]: Preparing level "world"
[20:28:01] [Server thread/INFO]: Enforcing safe world random access
[20:28:03] [Server thread/INFO]: Preparing start region for dimension minecraft:overworld
[20:28:03] [C2ME worker #1/INFO]: Preparing spawn area: 0%
[20:28:03] [C2ME worker #3/INFO]: Preparing spawn area: 0%
[20:28:03] [C2ME worker #1/INFO]: Preparing spawn area: 3%
[20:28:04] [C2ME worker #2/INFO]: Preparing spawn area: 16%
[20:28:04] [minecraft_overworld - Light/INFO]: Preparing spawn area: 45%
[20:28:05] [minecraft_overworld - Light/INFO]: Preparing spawn area: 95%
[20:28:05] [Server thread/INFO]: Time elapsed: 2179 ms
[20:28:05] [Server thread/INFO]: Done (4.279s)! For help, type "help"
[20:28:33] [Server thread/INFO]: Vovarod671[/26.84.182.156:51577] logged in with entity id 35 at (-134.73387468722498, 67.0, -1576.3040126846577)
[20:28:33] [Server thread/INFO]: Vovarod671 joined the game
[21:17:01] [Server thread/INFO]: Vovarod671 fell from a high place
[21:37:06] [Server thread/INFO]: Vovarod671 has made the advancement [The Parrots and the Bats]
[22:29:54] [Server thread/INFO]: Vovarod671 lost connection: Disconnected
[22:29:54] [Server thread/INFO]: Vovarod671 left the game
[22:29:59] [Server thread/INFO]: Stopping the server
[22:29:59] [Server thread/INFO]: Stopping server
[22:29:59] [Server thread/INFO]: Saving players
[22:29:59] [Server thread/INFO]: Saving worlds
[22:29:59] [Server thread/INFO]: Saving chunks for level 'ServerLevel[world]'/minecraft:overworld
[22:30:00] [Server thread/INFO]: Saving chunks for level 'ServerLevel[world]'/minecraft:the_end
[22:30:00] [Server thread/INFO]: Saving chunks for level 'ServerLevel[world]'/minecraft:the_nether
[22:30:00] [Server thread/INFO]: ThreadedAnvilChunkStorage (world): All chunks are saved
[22:30:00] [Server thread/INFO]: ThreadedAnvilChunkStorage (DIM1): All chunks are saved
[22:30:00] [Server thread/INFO]: ThreadedAnvilChunkStorage (DIM-1): All chunks are saved
[22:30:00] [Server thread/INFO]: ThreadedAnvilChunkStorage: All dimensions are saved
[22:30:00] [C2ME Storage #3/INFO]: Storage thread Thread[#72,C2ME Storage #3,8,main] stopped
[22:30:00] [C2ME Storage #2/INFO]: Storage thread Thread[#71,C2ME Storage #2,8,main] stopped
[22:30:00] [C2ME Storage #1/INFO]: Storage thread Thread[#70,C2ME Storage #1,8,main] stopped
[22:30:00] [C2ME Storage #5/INFO]: Storage thread Thread[#74,C2ME Storage #5,8,main] stopped
[22:30:00] [C2ME Storage #6/INFO]: Storage thread Thread[#75,C2ME Storage #6,8,main] stopped
[22:30:00] [C2ME Storage #7/INFO]: Storage thread Thread[#76,C2ME Storage #7,8,main] stopped
[22:30:00] [C2ME Storage #8/INFO]: Storage thread Thread[#77,C2ME Storage #8,8,main] stopped
[22:30:00] [C2ME Storage #9/INFO]: Storage thread Thread[#78,C2ME Storage #9,8,main] stopped
[22:30:00] [C2ME Storage #4/INFO]: Storage thread Thread[#73,C2ME Storage #4,8,main] stopped
